app/build/intermediates/manifest_merge_blame_file/release/manifest-merger-blame-release-report.txt
1<?xml version="1.0" encoding="utf-8"?>
2<manifest xmlns:android="http://schemas.android.com/apk/res/android"
3    package="com.kabaladigital.tingtingu"
4    android:versionCode="11"
5    android:versionName="v0.0.11.1" >
6
7    <uses-sdk
8        android:minSdkVersion="23"
8-->src/main/AndroidManifest.xml
9        android:targetSdkVersion="29" />
9-->src/main/AndroidManifest.xml
10
11    <uses-permission android:name="android.permission.ACCESS_NETWORK_STATE" />
11-->src/main/AndroidManifest.xml:6:5-79
11-->src/main/AndroidManifest.xml:6:22-76
12    <uses-permission android:name="android.permission.ACCESS_NETWORK_STATE" />
12-->src/main/AndroidManifest.xml:6:5-79
12-->src/main/AndroidManifest.xml:6:22-76
13    <uses-permission android:name="android.permission.INTERNET" />
13-->src/main/AndroidManifest.xml:8:5-67
13-->src/main/AndroidManifest.xml:8:22-64
14    <uses-permission android:name="android.permission.MANAGE_OWN_CALLS" />
14-->src/main/AndroidManifest.xml:9:5-75
14-->src/main/AndroidManifest.xml:9:22-72
15    <uses-permission android:name="android.permission.CALL_PHONE" />
15-->src/main/AndroidManifest.xml:10:5-69
15-->src/main/AndroidManifest.xml:10:22-66
16    <uses-permission android:name="android.permission.READ_PHONE_STATE" />
16-->src/main/AndroidManifest.xml:11:5-75
16-->src/main/AndroidManifest.xml:11:22-72
17    <uses-permission android:name="android.permission.READ_CONTACTS" />
17-->src/main/AndroidManifest.xml:12:5-72
17-->src/main/AndroidManifest.xml:12:22-69
18    <!-- <uses-permission android:name="android.permission.READ_CALL_LOG" /> -->
19    <uses-permission android:name="android.permission.SEND_SMS" />
19-->src/main/AndroidManifest.xml:14:5-67
19-->src/main/AndroidManifest.xml:14:22-64
20    <uses-permission android:name="android.permission.VIBRATE" />
20-->src/main/AndroidManifest.xml:15:5-66
20-->src/main/AndroidManifest.xml:15:22-63
21    <uses-permission android:name="android.permission.WAKE_LOCK" />
21-->src/main/AndroidManifest.xml:16:5-68
21-->src/main/AndroidManifest.xml:16:22-65
22    <uses-permission android:name="android.permission.READ_EXTERNAL_STORAGE" />
22-->src/main/AndroidManifest.xml:17:5-80
22-->src/main/AndroidManifest.xml:17:22-77
23    <uses-permission android:name="android.permission.WRITE_EXTERNAL_STORAGE" />
23-->src/main/AndroidManifest.xml:18:5-81
23-->src/main/AndroidManifest.xml:18:22-78
24    <uses-permission android:name="android.permission.USE_BIOMETRIC" />
24-->src/main/AndroidManifest.xml:19:5-72
24-->src/main/AndroidManifest.xml:19:22-69
25    <uses-permission android:name="android.permission.RECORD_AUDIO" />
25-->src/main/AndroidManifest.xml:20:5-71
25-->src/main/AndroidManifest.xml:20:22-68
26    <uses-permission android:name="android.permission.MODIFY_AUDIO_SETTINGS" />
26-->src/main/AndroidManifest.xml:21:5-80
26-->src/main/AndroidManifest.xml:21:22-77
27    <uses-permission android:name="android.permission.RECEIVE_BOOT_COMPLETED" />
27-->src/main/AndroidManifest.xml:22:5-81
27-->src/main/AndroidManifest.xml:22:22-78
28
29    <uses-feature
29-->src/main/AndroidManifest.xml:24:5-87
30        android:name="android.hardware.camera"
30-->src/main/AndroidManifest.xml:24:22-60
31        android:required="true" />
31-->src/main/AndroidManifest.xml:24:61-84
32
33    <uses-permission android:name="android.permission.CAMERA" />
33-->src/main/AndroidManifest.xml:25:5-65
33-->src/main/AndroidManifest.xml:25:22-62
34
35    <uses-feature android:name="android.hardware.camera.autofocus" />
35-->src/main/AndroidManifest.xml:26:5-70
35-->src/main/AndroidManifest.xml:26:19-67
36
37    <uses-permission android:name="android.permission.ACCESS_NOTIFICATION_POLICY" />
37-->src/main/AndroidManifest.xml:28:5-85
37-->src/main/AndroidManifest.xml:28:22-82
38    <uses-permission android:name="android.permission.FOREGROUND_SERVICE" />
38-->[androidx.work:work-runtime:2.3.4] AndroidManifest.xml:28:5-77
38-->[androidx.work:work-runtime:2.3.4] AndroidManifest.xml:28:22-74
39    <uses-permission android:name="com.google.android.finsky.permission.BIND_GET_INSTALL_REFERRER_SERVICE" /> <!-- Required by older versions of Google Play services to create IID tokens -->
39-->[com.google.android.gms:play-services-measurement:18.0.0] AndroidManifest.xml:26:5-110
39-->[com.google.android.gms:play-services-measurement:18.0.0] AndroidManifest.xml:26:22-107
40    <uses-permission android:name="com.google.android.c2dm.permission.RECEIVE" />
40-->[com.google.firebase:firebase-iid:21.0.1] AndroidManifest.xml:26:5-82
40-->[com.google.firebase:firebase-iid:21.0.1] AndroidManifest.xml:26:22-79
41    <uses-permission android:name="android.permission.USE_FINGERPRINT" />
41-->[androidx.biometric:biometric:1.0.0-alpha04] AndroidManifest.xml:23:5-74
41-->[androidx.biometric:biometric:1.0.0-alpha04] AndroidManifest.xml:23:22-71
42
43    <uses-feature
43-->[com.wonderkiln:camerakit:0.13.0] AndroidManifest.xml:18:5-20:36
44        android:name="android.hardware.camera.front"
44-->[com.wonderkiln:camerakit:0.13.0] AndroidManifest.xml:19:9-53
45        android:required="false" />
45-->[com.wonderkiln:camerakit:0.13.0] AndroidManifest.xml:20:9-33
46    <uses-feature
46-->[com.wonderkiln:camerakit:0.13.0] AndroidManifest.xml:21:5-23:36
47        android:name="android.hardware.microphone"
47-->[com.wonderkiln:camerakit:0.13.0] AndroidManifest.xml:22:9-51
48        android:required="false" />
48-->[com.wonderkiln:camerakit:0.13.0] AndroidManifest.xml:23:9-33
49
50    <application
50-->src/main/AndroidManifest.xml:32:5-262:15
51        android:name="com.kabaladigital.tingtingu.App"
51-->src/main/AndroidManifest.xml:33:9-55
52        android:allowBackup="false"
52-->src/main/AndroidManifest.xml:34:9-36
53        android:appComponentFactory="androidx.core.app.CoreComponentFactory"
53-->[androidx.core:core:1.1.0] AndroidManifest.xml:24:18-86
54        android:extractNativeLibs="false"
55        android:icon="@mipmap/ic_launcher"
55-->src/main/AndroidManifest.xml:35:9-43
56        android:label="@string/app_name"
56-->src/main/AndroidManifest.xml:36:9-41
57        android:requestLegacyExternalStorage="true"
57-->src/main/AndroidManifest.xml:42:9-52
58        android:roundIcon="@mipmap/ic_launcher_round"
58-->src/main/AndroidManifest.xml:37:9-54
59        android:supportsRtl="true"
59-->src/main/AndroidManifest.xml:38:9-35
60        android:theme="@style/AppTheme"
60-->src/main/AndroidManifest.xml:39:9-40
61        android:usesCleartextTraffic="true"
61-->src/main/AndroidManifest.xml:40:9-44
62        android:windowSoftInputMode="adjustResize" >
62-->src/main/AndroidManifest.xml:41:9-51
63        <activity android:name="com.kabaladigital.tingtingu.ui.activity.SurveyWebViewActivity" >
63-->src/main/AndroidManifest.xml:46:9-55:20
63-->src/main/AndroidManifest.xml:46:19-95
64            <intent-filter>
64-->src/main/AndroidManifest.xml:47:13-54:29
65                <action android:name="android.intent.action.VIEW" />
65-->src/main/AndroidManifest.xml:48:17-68
65-->src/main/AndroidManifest.xml:48:25-66
66
67                <category android:name="android.intent.category.DEFAULT" />
67-->src/main/AndroidManifest.xml:49:17-75
67-->src/main/AndroidManifest.xml:49:27-73
68                <category android:name="android.intent.category.BROWSABLE" />
68-->src/main/AndroidManifest.xml:50:17-77
68-->src/main/AndroidManifest.xml:50:27-75
69
70                <data
70-->src/main/AndroidManifest.xml:51:17-53:45
71                    android:host="https://tingtingu.page.link"
71-->src/main/AndroidManifest.xml:52:21-63
72                    android:scheme="https" />
72-->src/main/AndroidManifest.xml:53:21-43
73            </intent-filter>
74        </activity>
75        <activity
75-->src/main/AndroidManifest.xml:57:9-58:58
76            android:name="com.theartofdev.edmodo.cropper.CropImageActivity"
76-->src/main/AndroidManifest.xml:57:19-82
77            android:theme="@style/Base.Theme.AppCompat" />
77-->src/main/AndroidManifest.xml:58:13-56
78        <activity
78-->src/main/AndroidManifest.xml:60:9-63:52
79            android:name="com.kabaladigital.tingtingu.ui.activity.EndCallActivity"
79-->src/main/AndroidManifest.xml:61:13-83
80            android:launchMode="singleInstance"
80-->src/main/AndroidManifest.xml:62:13-48
81            android:screenOrientation="portrait" />
81-->src/main/AndroidManifest.xml:63:13-49
82        <activity
82-->src/main/AndroidManifest.xml:64:9-68:11
83            android:name="com.kabaladigital.tingtingu.ui.activity.MainActivity"
83-->src/main/AndroidManifest.xml:65:13-80
84            android:exported="true" />
84-->src/main/AndroidManifest.xml:66:13-36
85        <activity
85-->src/main/AndroidManifest.xml:69:9-72:15
86            android:name="com.kabaladigital.tingtingu.VideoHelper.Activity_galleryview"
86-->src/main/AndroidManifest.xml:70:13-88
87            android:exported="true" />
87-->src/main/AndroidManifest.xml:71:13-36
88        <activity
88-->src/main/AndroidManifest.xml:73:9-76:15
89            android:name="com.kabaladigital.tingtingu.ImageHelper.Activity_Gallery_Image"
89-->src/main/AndroidManifest.xml:74:13-90
90            android:exported="true" />
90-->src/main/AndroidManifest.xml:75:13-36
91        <activity
91-->src/main/AndroidManifest.xml:77:9-80:15
92            android:name="com.kabaladigital.tingtingu.Image.ImageSelectActivity"
92-->src/main/AndroidManifest.xml:78:13-81
93            android:exported="true" />
93-->src/main/AndroidManifest.xml:79:13-36
94        <activity
94-->src/main/AndroidManifest.xml:88:5-152:16
95            android:name="com.kabaladigital.tingtingu.ui.activity.LoginActivity"
95-->src/main/AndroidManifest.xml:89:9-77
96            android:label="@string/app_name"
96-->src/main/AndroidManifest.xml:90:9-41
97            android:launchMode="singleInstance"
97-->src/main/AndroidManifest.xml:91:9-44
98            android:screenOrientation="portrait" >
98-->src/main/AndroidManifest.xml:92:9-45
99            <intent-filter>
99-->src/main/AndroidManifest.xml:93:9-98:25
100                <action android:name="android.intent.action.MAIN" />
100-->src/main/AndroidManifest.xml:94:13-65
100-->src/main/AndroidManifest.xml:94:21-62
101
102                <category android:name="android.intent.category.DEFAULT" />
102-->src/main/AndroidManifest.xml:49:17-75
102-->src/main/AndroidManifest.xml:49:27-73
103                <category android:name="android.intent.category.LAUNCHER" />
103-->src/main/AndroidManifest.xml:96:13-73
103-->src/main/AndroidManifest.xml:96:23-70
104                <category android:name="android.intent.category.BROWSABLE" />
104-->src/main/AndroidManifest.xml:50:17-77
104-->src/main/AndroidManifest.xml:50:27-75
105            </intent-filter>
106
107            <!-- For receiving intents -->
108            <intent-filter>
108-->src/main/AndroidManifest.xml:101:9-107:25
109                <action android:name="android.intent.action.SEND" />
109-->src/main/AndroidManifest.xml:102:13-65
109-->src/main/AndroidManifest.xml:102:21-62
110
111                <category android:name="android.intent.category.DEFAULT" />
111-->src/main/AndroidManifest.xml:49:17-75
111-->src/main/AndroidManifest.xml:49:27-73
112
113                <data android:scheme="terms" />
113-->src/main/AndroidManifest.xml:51:17-53:45
113-->src/main/AndroidManifest.xml:53:21-43
114                <data android:scheme="privacy" />
114-->src/main/AndroidManifest.xml:51:17-53:45
114-->src/main/AndroidManifest.xml:53:21-43
115                <data android:mimeType="image/*" />
115-->src/main/AndroidManifest.xml:51:17-53:45
115-->src/main/AndroidManifest.xml:106:19-45
116            </intent-filter>
117            <intent-filter>
117-->src/main/AndroidManifest.xml:108:9-112:25
118                <action android:name="android.intent.action.SEND" />
118-->src/main/AndroidManifest.xml:102:13-65
118-->src/main/AndroidManifest.xml:102:21-62
119
120                <category android:name="android.intent.category.DEFAULT" />
120-->src/main/AndroidManifest.xml:49:17-75
120-->src/main/AndroidManifest.xml:49:27-73
121
122                <data android:mimeType="text/plain" />
122-->src/main/AndroidManifest.xml:51:17-53:45
122-->src/main/AndroidManifest.xml:106:19-45
123            </intent-filter>
124            <intent-filter>
124-->src/main/AndroidManifest.xml:113:9-117:25
125                <action android:name="android.intent.action.SEND_MULTIPLE" />
125-->src/main/AndroidManifest.xml:114:13-74
125-->src/main/AndroidManifest.xml:114:21-71
126
127                <category android:name="android.intent.category.DEFAULT" />
127-->src/main/AndroidManifest.xml:49:17-75
127-->src/main/AndroidManifest.xml:49:27-73
128
129                <data android:mimeType="image/*" />
129-->src/main/AndroidManifest.xml:51:17-53:45
129-->src/main/AndroidManifest.xml:106:19-45
130            </intent-filter>
131
132            <!-- From Google's Dialer App -->
133            <intent-filter>
133-->src/main/AndroidManifest.xml:120:9-126:25
134                <action android:name="android.intent.action.DIAL" />
134-->src/main/AndroidManifest.xml:121:13-65
134-->src/main/AndroidManifest.xml:121:21-62
135
136                <category android:name="android.intent.category.DEFAULT" />
136-->src/main/AndroidManifest.xml:49:17-75
136-->src/main/AndroidManifest.xml:49:27-73
137                <category android:name="android.intent.category.BROWSABLE" />
137-->src/main/AndroidManifest.xml:50:17-77
137-->src/main/AndroidManifest.xml:50:27-75
138
139                <data android:mimeType="vnd.android.cursor.item/phone" />
139-->src/main/AndroidManifest.xml:51:17-53:45
139-->src/main/AndroidManifest.xml:106:19-45
140                <data android:mimeType="vnd.android.cursor.item/person" />
140-->src/main/AndroidManifest.xml:51:17-53:45
140-->src/main/AndroidManifest.xml:106:19-45
141            </intent-filter>
142            <intent-filter>
142-->src/main/AndroidManifest.xml:127:9-132:25
143                <action android:name="android.intent.action.DIAL" />
143-->src/main/AndroidManifest.xml:121:13-65
143-->src/main/AndroidManifest.xml:121:21-62
144
145                <category android:name="android.intent.category.DEFAULT" />
145-->src/main/AndroidManifest.xml:49:17-75
145-->src/main/AndroidManifest.xml:49:27-73
146                <category android:name="android.intent.category.BROWSABLE" />
146-->src/main/AndroidManifest.xml:50:17-77
146-->src/main/AndroidManifest.xml:50:27-75
147
148                <data android:scheme="voicemail" />
148-->src/main/AndroidManifest.xml:51:17-53:45
148-->src/main/AndroidManifest.xml:53:21-43
149            </intent-filter>
150            <intent-filter>
150-->src/main/AndroidManifest.xml:133:9-136:25
151                <action android:name="android.intent.action.DIAL" />
151-->src/main/AndroidManifest.xml:121:13-65
151-->src/main/AndroidManifest.xml:121:21-62
152
153                <category android:name="android.intent.category.DEFAULT" />
153-->src/main/AndroidManifest.xml:49:17-75
153-->src/main/AndroidManifest.xml:49:27-73
154            </intent-filter>
155            <intent-filter>
155-->src/main/AndroidManifest.xml:137:9-144:25
156                <action android:name="android.intent.action.VIEW" />
156-->src/main/AndroidManifest.xml:48:17-68
156-->src/main/AndroidManifest.xml:48:25-66
157                <action android:name="android.intent.action.DIAL" />
157-->src/main/AndroidManifest.xml:121:13-65
157-->src/main/AndroidManifest.xml:121:21-62
158
159                <category android:name="android.intent.category.DEFAULT" />
159-->src/main/AndroidManifest.xml:49:17-75
159-->src/main/AndroidManifest.xml:49:27-73
160                <category android:name="android.intent.category.BROWSABLE" />
160-->src/main/AndroidManifest.xml:50:17-77
160-->src/main/AndroidManifest.xml:50:27-75
161
162                <data android:scheme="tel" />
162-->src/main/AndroidManifest.xml:51:17-53:45
162-->src/main/AndroidManifest.xml:53:21-43
163            </intent-filter>
164            <intent-filter>
164-->src/main/AndroidManifest.xml:145:9-149:25
165                <action android:name="android.intent.action.CALL_BUTTON" />
165-->src/main/AndroidManifest.xml:146:13-72
165-->src/main/AndroidManifest.xml:146:21-69
166
167                <category android:name="android.intent.category.DEFAULT" />
167-->src/main/AndroidManifest.xml:49:17-75
167-->src/main/AndroidManifest.xml:49:27-73
168                <category android:name="android.intent.category.BROWSABLE" />
168-->src/main/AndroidManifest.xml:50:17-77
168-->src/main/AndroidManifest.xml:50:27-75
169            </intent-filter>
170        </activity>
171        <activity android:name="com.kabaladigital.tingtingu.ui.fragment.login.ChooseProfileLanguageFragment" />
171-->src/main/AndroidManifest.xml:154:5-108
171-->src/main/AndroidManifest.xml:154:15-105
172        <activity android:name="com.kabaladigital.tingtingu.Video_Recording.Video_Recoder_A" />
172-->src/main/AndroidManifest.xml:155:5-92
172-->src/main/AndroidManifest.xml:155:15-89
173        <activity android:name="com.kabaladigital.tingtingu.Video_Recording.GallerySelectedVideo.GallerySelectedVideo_A" />
173-->src/main/AndroidManifest.xml:156:5-120
173-->src/main/AndroidManifest.xml:156:15-117
174        <activity android:name="com.kabaladigital.tingtingu.Video_Recording.Preview_Video_A" />
174-->src/main/AndroidManifest.xml:157:9-96
174-->src/main/AndroidManifest.xml:157:19-93
175        <activity
175-->src/main/AndroidManifest.xml:160:5-169:34
176            android:name="com.kabaladigital.tingtingu.ui.activity.OngoingCallActivity"
176-->src/main/AndroidManifest.xml:161:9-83
177            android:allowTaskReparenting="false"
177-->src/main/AndroidManifest.xml:165:9-45
178            android:excludeFromRecents="true"
178-->src/main/AndroidManifest.xml:166:9-42
179            android:label="@string/activity_ongoing_call"
179-->src/main/AndroidManifest.xml:162:9-54
180            android:launchMode="singleTask"
180-->src/main/AndroidManifest.xml:167:9-40
181            android:permission="android.permission.USE_SIP"
181-->src/main/AndroidManifest.xml:168:9-56
182            android:screenOrientation="portrait"
182-->src/main/AndroidManifest.xml:163:9-45
183            android:taskAffinity=""
183-->src/main/AndroidManifest.xml:169:9-32
184            android:theme="@style/AppTheme" />
184-->src/main/AndroidManifest.xml:164:9-40
185        <activity
185-->src/main/AndroidManifest.xml:171:5-172:54
186            android:name="com.kabaladigital.tingtingu.Crop.CropAndRotate_Photo"
186-->src/main/AndroidManifest.xml:171:15-55
187            android:theme="@style/Base.Theme.AppCompat" />
187-->src/main/AndroidManifest.xml:172:9-52
188
189        <service
189-->src/main/AndroidManifest.xml:177:5-187:15
190            android:name="com.kabaladigital.tingtingu.service.CallService"
190-->src/main/AndroidManifest.xml:178:9-71
191            android:permission="android.permission.BIND_INCALL_SERVICE" >
191-->src/main/AndroidManifest.xml:179:9-68
192            <meta-data
192-->src/main/AndroidManifest.xml:180:9-182:36
193                android:name="android.telecom.IN_CALL_SERVICE_UI"
193-->src/main/AndroidManifest.xml:181:13-62
194                android:value="true" />
194-->src/main/AndroidManifest.xml:182:13-33
195
196            <intent-filter>
196-->src/main/AndroidManifest.xml:184:9-186:25
197                <action android:name="android.telecom.InCallService" />
197-->src/main/AndroidManifest.xml:185:13-68
197-->src/main/AndroidManifest.xml:185:21-65
198            </intent-filter>
199        </service>
200
201        <receiver android:name="com.kabaladigital.tingtingu.listener.NotificationActionReceiver" >
201-->src/main/AndroidManifest.xml:189:5-194:16
201-->src/main/AndroidManifest.xml:189:15-93
202            <intent-filter>
202-->src/main/AndroidManifest.xml:190:9-193:25
203                <action android:name="ANSWER" />
203-->src/main/AndroidManifest.xml:191:13-45
203-->src/main/AndroidManifest.xml:191:21-42
204                <action android:name="HANGUP" />
204-->src/main/AndroidManifest.xml:192:13-45
204-->src/main/AndroidManifest.xml:192:21-42
205            </intent-filter>
206        </receiver>
207
208        <service android:name="com.google.analytics.tracking.android.CampaignTrackingService" />
208-->src/main/AndroidManifest.xml:197:5-93
208-->src/main/AndroidManifest.xml:197:14-90
209
210        <receiver
210-->src/main/AndroidManifest.xml:199:5-204:16
211            android:name="com.google.analytics.tracking.android.CampaignTrackingReceiver"
211-->src/main/AndroidManifest.xml:199:15-92
212            android:exported="true" >
212-->src/main/AndroidManifest.xml:199:93-116
213            <intent-filter>
213-->src/main/AndroidManifest.xml:201:9-203:25
214                <action android:name="com.android.vending.INSTALL_REFERRER" />
214-->src/main/AndroidManifest.xml:202:13-75
214-->src/main/AndroidManifest.xml:202:21-72
215            </intent-filter>
216        </receiver>
217
218        <meta-data
218-->src/main/AndroidManifest.xml:209:5-211:53
219            android:name="preloaded_fonts"
219-->src/main/AndroidManifest.xml:210:9-39
220            android:resource="@array/preloaded_fonts" />
220-->src/main/AndroidManifest.xml:211:9-50
221        <meta-data
222            android:name="firebase_crashlytics_collection_enabled"
222-->src/main/AndroidManifest.xml:214:9-63
223            android:value="true" /> <!-- Kotlin Classes Deceleration -->
223-->src/main/AndroidManifest.xml:215:9-56
224
225        <receiver
225-->src/main/AndroidManifest.xml:219:5-230:16
226            android:name="com.kabaladigital.tingtingu.service.MyBroadCastReceiver"
226-->src/main/AndroidManifest.xml:220:9-79
227            android:directBootAware="true"
227-->src/main/AndroidManifest.xml:221:9-39
228            android:enabled="true"
228-->src/main/AndroidManifest.xml:222:9-31
229            android:exported="true" >
229-->src/main/AndroidManifest.xml:223:9-32
230            <intent-filter>
230-->src/main/AndroidManifest.xml:224:9-229:25
231                <action android:name="android.intent.action.BOOT_COMPLETED" />
231-->src/main/AndroidManifest.xml:225:13-75
231-->src/main/AndroidManifest.xml:225:21-72
232                <action android:name="android.intent.action.LOCKED_BOOT_COMPLETED" />
232-->src/main/AndroidManifest.xml:226:13-82
232-->src/main/AndroidManifest.xml:226:21-79
233                <action android:name="android.intent.action.PACKAGE_RESTARTED" />
233-->src/main/AndroidManifest.xml:227:13-78
233-->src/main/AndroidManifest.xml:227:21-75
234            </intent-filter>
235        </receiver>
236
237        <service
237-->src/main/AndroidManifest.xml:232:5-236:37
238            android:name="com.kabaladigital.tingtingu.service.MyService"
238-->src/main/AndroidManifest.xml:233:9-69
239            android:enabled="true"
239-->src/main/AndroidManifest.xml:234:9-31
240            android:exported="false"
240-->src/main/AndroidManifest.xml:235:9-33
241            android:process=":remote" />
241-->src/main/AndroidManifest.xml:236:9-34
242        <service
242-->src/main/AndroidManifest.xml:238:5-244:15
243            android:name="com.kabaladigital.tingtingu.service.MyFirebaseMessagingService"
243-->src/main/AndroidManifest.xml:239:9-59
244            android:exported="false" >
244-->src/main/AndroidManifest.xml:240:9-33
245            <intent-filter>
245-->src/main/AndroidManifest.xml:241:9-243:25
246                <action android:name="com.google.firebase.MESSAGING_EVENT" />
246-->src/main/AndroidManifest.xml:242:13-74
246-->src/main/AndroidManifest.xml:242:21-71
247            </intent-filter>
248        </service>
249
250        <provider
251            android:name="androidx.core.content.FileProvider"
251-->src/main/AndroidManifest.xml:248:9-58
252            android:authorities="com.kabaladigital.tingtingu.provider"
252-->src/main/AndroidManifest.xml:249:9-56
253            android:exported="false"
253-->src/main/AndroidManifest.xml:250:9-33
254            android:grantUriPermissions="true" >
254-->src/main/AndroidManifest.xml:251:9-43
255            <meta-data
255-->src/main/AndroidManifest.xml:253:9-255:52
256                android:name="android.support.FILE_PROVIDER_PATHS"
256-->src/main/AndroidManifest.xml:254:13-63
257                android:resource="@xml/provider_path" />
257-->src/main/AndroidManifest.xml:255:13-50
258        </provider>
259        <provider
259-->[androidx.work:work-runtime:2.3.4] AndroidManifest.xml:31:9-37:35
260            android:name="androidx.work.impl.WorkManagerInitializer"
260-->[androidx.work:work-runtime:2.3.4] AndroidManifest.xml:32:13-69
261            android:authorities="com.kabaladigital.tingtingu.workmanager-init"
261-->[androidx.work:work-runtime:2.3.4] AndroidManifest.xml:33:13-68
262            android:directBootAware="false"
262-->[androidx.work:work-runtime:2.3.4] AndroidManifest.xml:34:13-44
263            android:exported="false"
263-->[androidx.work:work-runtime:2.3.4] AndroidManifest.xml:35:13-37
264            android:multiprocess="true" />
264-->[androidx.work:work-runtime:2.3.4] AndroidManifest.xml:36:13-40
265
266        <service
266-->[androidx.work:work-runtime:2.3.4] AndroidManifest.xml:39:9-44:35
267            android:name="androidx.work.impl.background.systemalarm.SystemAlarmService"
267-->[androidx.work:work-runtime:2.3.4] AndroidManifest.xml:40:13-88
268            android:directBootAware="false"
268-->[androidx.work:work-runtime:2.3.4] AndroidManifest.xml:41:13-44
269            android:enabled="@bool/enable_system_alarm_service_default"
269-->[androidx.work:work-runtime:2.3.4] AndroidManifest.xml:42:13-72
270            android:exported="false" />
270-->[androidx.work:work-runtime:2.3.4] AndroidManifest.xml:43:13-37
271        <service
271-->[androidx.work:work-runtime:2.3.4] AndroidManifest.xml:45:9-51:35
272            android:name="androidx.work.impl.background.systemjob.SystemJobService"
272-->[androidx.work:work-runtime:2.3.4] AndroidManifest.xml:46:13-84
273            android:directBootAware="false"
273-->[androidx.work:work-runtime:2.3.4] AndroidManifest.xml:47:13-44
274            android:enabled="@bool/enable_system_job_service_default"
274-->[androidx.work:work-runtime:2.3.4] AndroidManifest.xml:48:13-70
275            android:exported="true"
275-->[androidx.work:work-runtime:2.3.4] AndroidManifest.xml:49:13-36
276            android:permission="android.permission.BIND_JOB_SERVICE" />
276-->[androidx.work:work-runtime:2.3.4] AndroidManifest.xml:50:13-69
277        <service
277-->[androidx.work:work-runtime:2.3.4] AndroidManifest.xml:52:9-57:35
278            android:name="androidx.work.impl.foreground.SystemForegroundService"
278-->[androidx.work:work-runtime:2.3.4] AndroidManifest.xml:53:13-81
279            android:directBootAware="false"
279-->[androidx.work:work-runtime:2.3.4] AndroidManifest.xml:54:13-44
280            android:enabled="@bool/enable_system_foreground_service_default"
280-->[androidx.work:work-runtime:2.3.4] AndroidManifest.xml:55:13-77
281            android:exported="false" />
281-->[androidx.work:work-runtime:2.3.4] AndroidManifest.xml:56:13-37
282
283        <receiver
283-->[androidx.work:work-runtime:2.3.4] AndroidManifest.xml:59:9-64:35
284            android:name="androidx.work.impl.utils.ForceStopRunnable$BroadcastReceiver"
284-->[androidx.work:work-runtime:2.3.4] AndroidManifest.xml:60:13-88
285            android:directBootAware="false"
285-->[androidx.work:work-runtime:2.3.4] AndroidManifest.xml:61:13-44
286            android:enabled="true"
286-->[androidx.work:work-runtime:2.3.4] AndroidManifest.xml:62:13-35
287            android:exported="false" />
287-->[androidx.work:work-runtime:2.3.4] AndroidManifest.xml:63:13-37
288        <receiver
288-->[androidx.work:work-runtime:2.3.4] AndroidManifest.xml:65:9-75:20
289            android:name="androidx.work.impl.background.systemalarm.ConstraintProxy$BatteryChargingProxy"
289-->[androidx.work:work-runtime:2.3.4] AndroidManifest.xml:66:13-106
290            android:directBootAware="false"
290-->[androidx.work:work-runtime:2.3.4] AndroidManifest.xml:67:13-44
291            android:enabled="false"
291-->[androidx.work:work-runtime:2.3.4] AndroidManifest.xml:68:13-36
292            android:exported="false" >
292-->[androidx.work:work-runtime:2.3.4] AndroidManifest.xml:69:13-37
293            <intent-filter>
293-->[androidx.work:work-runtime:2.3.4] AndroidManifest.xml:71:13-74:29
294                <action android:name="android.intent.action.ACTION_POWER_CONNECTED" />
294-->[androidx.work:work-runtime:2.3.4] AndroidManifest.xml:72:17-87
294-->[androidx.work:work-runtime:2.3.4] AndroidManifest.xml:72:25-84
295                <action android:name="android.intent.action.ACTION_POWER_DISCONNECTED" />
295-->[androidx.work:work-runtime:2.3.4] AndroidManifest.xml:73:17-90
295-->[androidx.work:work-runtime:2.3.4] AndroidManifest.xml:73:25-87
296            </intent-filter>
297        </receiver>
298        <receiver
298-->[androidx.work:work-runtime:2.3.4] AndroidManifest.xml:76:9-86:20
299            android:name="androidx.work.impl.background.systemalarm.ConstraintProxy$BatteryNotLowProxy"
299-->[androidx.work:work-runtime:2.3.4] AndroidManifest.xml:77:13-104
300            android:directBootAware="false"
300-->[androidx.work:work-runtime:2.3.4] AndroidManifest.xml:78:13-44
301            android:enabled="false"
301-->[androidx.work:work-runtime:2.3.4] AndroidManifest.xml:79:13-36
302            android:exported="false" >
302-->[androidx.work:work-runtime:2.3.4] AndroidManifest.xml:80:13-37
303            <intent-filter>
303-->[androidx.work:work-runtime:2.3.4] AndroidManifest.xml:82:13-85:29
304                <action android:name="android.intent.action.BATTERY_OKAY" />
304-->[androidx.work:work-runtime:2.3.4] AndroidManifest.xml:83:17-77
304-->[androidx.work:work-runtime:2.3.4] AndroidManifest.xml:83:25-74